<?xml version="1.0" encoding="UTF-8"?>
<testng-results skipped="0" failed="0" ignored="0" total="1" passed="1">
  <reporter-output>
  </reporter-output>
  <suite name="Default suite" duration-ms="2905" started-at="2018-12-14T05:46:59Z" finished-at="2018-12-14T05:47:02Z">
    <groups>
    </groups>
    <test name="Default test" duration-ms="2905" started-at="2018-12-14T05:46:59Z" finished-at="2018-12-14T05:47:02Z">
      <class name="getRequest.GetData">
        <test-method status="PASS" signature="posttest()[pri:3, instance:getRequest.GetData@1753acfe]" name="posttest" duration-ms="2818" started-at="2018-12-14T05:46:59Z" finished-at="2018-12-14T05:47:02Z">
          <reporter-output>
          </reporter-output>
        </test-method> <!-- posttest -->
      </class> <!-- getRequest.GetData -->
    </test> <!-- Default test -->
  </suite> <!-- Default suite -->
</testng-results>
